Unity Editor version:    2021.3.17f1 (3e8111cac19d)
Branch:                  2021.3/release
Build type:              Release
Batch mode:              YES
macOS version:           Version 13.2.1 (Build 22D68)
Darwin version:          22.3.0
Architecture:            arm64
Running under Rosetta:   NO
Available memory:        16384 MB
Using pre-set license
Pro License: YES

COMMAND LINE ARGUMENTS:
/Applications/Unity/Hub/Editor/2021.3.17f1/Unity.app/Contents/MacOS/Unity
-adb2
-batchMode
-noUpm
-name
AssetImportWorker0
-projectPath
/Users/oliverkragh/Documents/GitHub/Eksamen-2.0/Unity projekt
-logFile
Logs/AssetImportWorker0.log
-srvPort
54045
Successfully changed project path to: /Users/oliverkragh/Documents/GitHub/Eksamen-2.0/Unity projekt
/Users/oliverkragh/Documents/GitHub/Eksamen-2.0/Unity projekt
[UnityMemory] Configuration Parameters - Can be set up in boot.config
    "memorysetup-bucket-allocator-granularity=16"
    "memorysetup-bucket-allocator-bucket-count=8"
    "memorysetup-bucket-allocator-block-size=33554432"
    "memorysetup-bucket-allocator-block-count=8"
    "memorysetup-main-allocator-block-size=16777216"
    "memorysetup-thread-allocator-block-size=16777216"
    "memorysetup-gfx-main-allocator-block-size=16777216"
    "memorysetup-gfx-thread-allocator-block-size=16777216"
    "memorysetup-cache-allocator-block-size=4194304"
    "memorysetup-typetree-allocator-block-size=2097152"
    "memorysetup-profiler-bucket-allocator-granularity=16"
    "memorysetup-profiler-bucket-allocator-bucket-count=8"
    "memorysetup-profiler-bucket-allocator-block-size=33554432"
    "memorysetup-profiler-bucket-allocator-block-count=8"
    "memorysetup-profiler-allocator-block-size=16777216"
    "memorysetup-profiler-editor-allocator-block-size=1048576"
    "memorysetup-temp-allocator-size-main=16777216"
    "memorysetup-job-temp-allocator-block-size=2097152"
    "memorysetup-job-temp-allocator-block-size-background=1048576"
    "memorysetup-job-temp-allocator-reduction-small-platforms=262144"
    "memorysetup-temp-allocator-size-background-worker=32768"
    "memorysetup-temp-allocator-size-job-worker=262144"
    "memorysetup-temp-allocator-size-preload-manager=33554432"
    "memorysetup-temp-allocator-size-nav-mesh-worker=65536"
    "memorysetup-temp-allocator-size-audio-worker=65536"
    "memorysetup-temp-allocator-size-cloud-worker=32768"
    "memorysetup-temp-allocator-size-gi-baking-worker=262144"
    "memorysetup-temp-allocator-size-gfx=262144"
Player connection [8453701952] Host "[IP] 172.17.11.128 [Port] 0 [Flags] 2 [Guid] 2349543561 [EditorId] 2349543561 [Version] 1048832 [Id] OSXEditor(0,MacBook-Air-tilhrende-Oliver.local) [Debug] 1 [PackageName] OSXEditor [ProjectName] Editor" joined multi-casting on [225.0.0.222:54997]...

Player connection [8453701952] Host "[IP] 172.17.11.128 [Port] 0 [Flags] 2 [Guid] 2349543561 [EditorId] 2349543561 [Version] 1048832 [Id] OSXEditor(0,MacBook-Air-tilhrende-Oliver.local) [Debug] 1 [PackageName] OSXEditor [ProjectName] Editor" joined alternative multi-casting on [225.0.0.222:34997]...

Refreshing native plugins compatible for Editor in 59.56 ms, found 2 plugins.
Preloading 0 native plugins for Editor in 0.00 ms.
Initialize engine version: 2021.3.17f1 (3e8111cac19d)
[Subsystems] Discovering subsystems at path /Applications/Unity/Hub/Editor/2021.3.17f1/Unity.app/Contents/Resources/UnitySubsystems
[Subsystems] Discovering subsystems at path /Users/oliverkragh/Documents/GitHub/Eksamen-2.0/Unity projekt/Assets
GfxDevice: creating device client; threaded=0; jobified=0
 preferred device: Apple M2 (high power)
Metal devices available: 1
0: Apple M2 (high power)
Using device Apple M2 (high power)
Initializing Metal device caps: Apple M2
Initialize mono
Mono path[0] = '/Applications/Unity/Hub/Editor/2021.3.17f1/Unity.app/Contents/Managed'
Mono path[1] = '/Applications/Unity/Hub/Editor/2021.3.17f1/Unity.app/Contents/MonoBleedingEdge/lib/mono/unityjit-macos'
Mono config path = '/Applications/Unity/Hub/Editor/2021.3.17f1/Unity.app/Contents/MonoBleedingEdge/etc'
Using monoOptions --debugger-agent=transport=dt_socket,embedding=1,server=y,suspend=n,address=127.0.0.1:56010
Begin MonoManager ReloadAssembly
Registering precompiled unity dll's ...
Register platform support module: /Applications/Unity/Hub/Editor/2021.3.17f1/Unity.app/Contents/PlaybackEngines/MacStandaloneSupport/UnityEditor.OSXStandalone.Extensions.dll
Registered in 0.000993 seconds.
Native extension for OSXStandalone target not found
Refreshing native plugins compatible for Editor in 58.22 ms, found 2 plugins.
Preloading 0 native plugins for Editor in 0.00 ms.
Mono: successfully reloaded assembly
- Completed reload, in  0.361 seconds
Domain Reload Profiling:
	ReloadAssembly (361ms)
		BeginReloadAssembly (52ms)
			ExecutionOrderSort (0ms)
			DisableScriptedObjects (0ms)
			BackupInstance (0ms)
			ReleaseScriptingObjects (0ms)
			CreateAndSetChildDomain (0ms)
		EndReloadAssembly (251ms)
			LoadAssemblies (53ms)
			RebuildTransferFunctionScriptingTraits (0ms)
			SetupTypeCache (58ms)
			ReleaseScriptCaches (0ms)
			RebuildScriptCaches (17ms)
			SetupLoadedEditorAssemblies (153ms)
				LogAssemblyErrors (0ms)
				InitializePlatformSupportModulesInManaged (3ms)
				SetLoadedEditorAssemblies (0ms)
				RefreshPlugins (58ms)
				BeforeProcessingInitializeOnLoad (1ms)
				ProcessInitializeOnLoadAttributes (70ms)
				ProcessInitializeOnLoadMethodAttributes (21ms)
				AfterProcessingInitializeOnLoad (0ms)
				EditorAssembliesLoaded (0ms)
			ExecutionOrderSort2 (0ms)
			AwakeInstancesAfterBackupRestoration (0ms)
Platform modules already initialized, skipping
Registering precompiled user dll's ...
Registered in 0.004406 seconds.
Begin MonoManager ReloadAssembly
Symbol file LoadedFromMemory doesn't match image /Users/oliverkragh/Documents/GitHub/Eksamen-2.0/Unity projekt/Library/PackageCache/com.unity.visualscripting@1.8.0/Editor/VisualScripting.Core/Dependencies/YamlDotNet/Unity.VisualScripting.YamlDotNet.dll
Symbol file LoadedFromMemory doesn't match image /Users/oliverkragh/Documents/GitHub/Eksamen-2.0/Unity projekt/Library/PackageCache/com.unity.visualscripting@1.8.0/Editor/VisualScripting.Core/Dependencies/DotNetZip/Unity.VisualScripting.IonicZip.dll
Native extension for OSXStandalone target not found
Refreshing native plugins compatible for Editor in 0.40 ms, found 2 plugins.
Preloading 0 native plugins for Editor in 0.00 ms.
Mono: successfully reloaded assembly
- Completed reload, in  0.543 seconds
Domain Reload Profiling:
	ReloadAssembly (543ms)
		BeginReloadAssembly (50ms)
			ExecutionOrderSort (0ms)
			DisableScriptedObjects (3ms)
			BackupInstance (0ms)
			ReleaseScriptingObjects (0ms)
			CreateAndSetChildDomain (14ms)
		EndReloadAssembly (431ms)
			LoadAssemblies (44ms)
			RebuildTransferFunctionScriptingTraits (0ms)
			SetupTypeCache (152ms)
			ReleaseScriptCaches (0ms)
			RebuildScriptCaches (29ms)
			SetupLoadedEditorAssemblies (185ms)
				LogAssemblyErrors (0ms)
				InitializePlatformSupportModulesInManaged (2ms)
				SetLoadedEditorAssemblies (0ms)
				RefreshPlugins (0ms)
				BeforeProcessingInitializeOnLoad (45ms)
				ProcessInitializeOnLoadAttributes (122ms)
				ProcessInitializeOnLoadMethodAttributes (14ms)
				AfterProcessingInitializeOnLoad (1ms)
				EditorAssembliesLoaded (0ms)
			ExecutionOrderSort2 (0ms)
			AwakeInstancesAfterBackupRestoration (2ms)
Platform modules already initialized, skipping
========================================================================
Worker process is ready to serve import requests
Launching external process: /Applications/Unity/Hub/Editor/2021.3.17f1/Unity.app/Contents/Tools/UnityShaderCompiler
Launched and connected shader compiler UnityShaderCompiler after 0.04 seconds
Refreshing native plugins compatible for Editor in 0.40 ms, found 2 plugins.
Preloading 0 native plugins for Editor in 0.00 ms.
Unloading 3442 Unused Serialized files (Serialized files now loaded: 0)
Unloading 27 unused Assets / (86.7 KB). Loaded Objects now: 3918.
Memory consumption went from 130.4 MB to 130.3 MB.
Total: 2.031375 ms (FindLiveObjects: 0.112791 ms CreateObjectMapping: 0.045250 ms MarkObjects: 1.812375 ms  DeleteObjects: 0.060417 ms)

AssetImportParameters requested are different than current active one (requested -> active):
  custom:video-decoder-ogg-theora: a1e56fd34408186e4bbccfd4996cb3dc -> 
  custom:container-muxer-webm: aa71ff27fc2769a1b78a27578f13a17b -> 
  custom:container-demuxer-webm: 4f35f7cbe854078d1ac9338744f61a02 -> 
  custom:video-encoder-webm-vp8: eb34c28f22e8b96e1ab97ce403110664 -> 
  custom:framework-osx-AVFoundation: e770b220cccbd017edd2c1fefb359320 -> 
  custom:audio-encoder-webm-vorbis: bf7c407c2cedff20999df2af8eb42d56 -> 
  custom:container-demuxer-ogg: 62fdf1f143b41e24485cea50d1cbac27 -> 
  custom:video-decoder-webm-vp8: 9c59270c3fd7afecdb556c50c9e8de78 -> 
  custom:audio-decoder-ogg-vorbis: bf7c407c2cedff20999df2af8eb42d56 -> 
========================================================================
Received Import Request.
  Time since last request: 396307.669698 seconds.
  path: Assets/PreFabs/Bullet/Bullet2.prefab
  artifactKey: Guid(12de1071c0b5cf64eae24e8eb8c58475) Importer(815301076,1909f56bfc062723c751e8b465ee728b)
Start importing Assets/PreFabs/Bullet/Bullet2.prefab using Guid(12de1071c0b5cf64eae24e8eb8c58475) Importer(815301076,1909f56bfc062723c751e8b465ee728b)  -> (artifact id: '13d2f44e91c319e057b11ba89ef2646c') in 0.391571 seconds 
========================================================================
Received Import Request.
  Time since last request: 0.000066 seconds.
  path: Assets/PreFabs/Bullet/Bullet.prefab
  artifactKey: Guid(b1a66ad7585a60b4b95d62d5d8e58c51) Importer(815301076,1909f56bfc062723c751e8b465ee728b)
Start importing Assets/PreFabs/Bullet/Bullet.prefab using Guid(b1a66ad7585a60b4b95d62d5d8e58c51) Importer(815301076,1909f56bfc062723c751e8b465ee728b)  -> (artifact id: '11ae420cd483509043550b498efa991f') in 0.008359 seconds 
========================================================================
Received Import Request.
  Time since last request: 12.381926 seconds.
  path: Assets/PreFabs/Bullet/Bullet.prefab
  artifactKey: Guid(b1a66ad7585a60b4b95d62d5d8e58c51) Importer(815301076,1909f56bfc062723c751e8b465ee728b)
Start importing Assets/PreFabs/Bullet/Bullet.prefab using Guid(b1a66ad7585a60b4b95d62d5d8e58c51) Importer(815301076,1909f56bfc062723c751e8b465ee728b)  -> (artifact id: '338b59cd2eb42731a557e1697d70625b') in 0.008221 seconds 
========================================================================
Received Import Request.
  Time since last request: 0.000032 seconds.
  path: Assets/PreFabs/Bullet/Bullet2.prefab
  artifactKey: Guid(12de1071c0b5cf64eae24e8eb8c58475) Importer(815301076,1909f56bfc062723c751e8b465ee728b)
Start importing Assets/PreFabs/Bullet/Bullet2.prefab using Guid(12de1071c0b5cf64eae24e8eb8c58475) Importer(815301076,1909f56bfc062723c751e8b465ee728b)  -> (artifact id: '2ecc86f40760d7c80f1148180a336b9d') in 0.007190 seconds 
========================================================================
Received Import Request.
  Time since last request: 590.753525 seconds.
  path: Assets/PreFabs/Player/MaleFree1.prefab
  artifactKey: Guid(97d5ddd29eb280c49912c6131c6ce8f8) Importer(815301076,1909f56bfc062723c751e8b465ee728b)
Start importing Assets/PreFabs/Player/MaleFree1.prefab using Guid(97d5ddd29eb280c49912c6131c6ce8f8) Importer(815301076,1909f56bfc062723c751e8b465ee728b)  -> (artifact id: '9660674cb1f52aed483ec46072b08706') in 0.100504 seconds 
========================================================================
Received Import Request.
  Time since last request: 1.066609 seconds.
  path: Assets/PreFabs/Zombie/Cube.prefab
  artifactKey: Guid(d46bc60bf1a7f9d4c94542434b63a4dd) Importer(815301076,1909f56bfc062723c751e8b465ee728b)
Start importing Assets/PreFabs/Zombie/Cube.prefab using Guid(d46bc60bf1a7f9d4c94542434b63a4dd) Importer(815301076,1909f56bfc062723c751e8b465ee728b)  -> (artifact id: 'e964f993dcb2843c1277943af3f36ff4') in 0.042567 seconds 
========================================================================
Received Import Request.
  Time since last request: 0.000039 seconds.
  path: Assets/PreFabs/Zombie/FreeZombie.prefab
  artifactKey: Guid(d189733d65ee5f544bc765db4e8960ef) Importer(815301076,1909f56bfc062723c751e8b465ee728b)
Start importing Assets/PreFabs/Zombie/FreeZombie.prefab using Guid(d189733d65ee5f544bc765db4e8960ef) Importer(815301076,1909f56bfc062723c751e8b465ee728b)  -> (artifact id: '67ae5d7758a7385e5e1b443cbfbd9059') in 0.048389 seconds 
========================================================================
Received Import Request.
  Time since last request: 41.963992 seconds.
  path: Assets/PreFabs/Zombie/FreeZombie.prefab
  artifactKey: Guid(d189733d65ee5f544bc765db4e8960ef) Importer(815301076,1909f56bfc062723c751e8b465ee728b)
Start importing Assets/PreFabs/Zombie/FreeZombie.prefab using Guid(d189733d65ee5f544bc765db4e8960ef) Importer(815301076,1909f56bfc062723c751e8b465ee728b)  -> (artifact id: '3f80ac5a88d1d63984bf4b4865c93806') in 0.010254 seconds 
========================================================================
Received Prepare
Registering precompiled user dll's ...
Registered in 0.001425 seconds.
Begin MonoManager ReloadAssembly
Thread 0x282c87000 may have been prematurely finalized
Symbol file LoadedFromMemory doesn't match image /Users/oliverkragh/Documents/GitHub/Eksamen-2.0/Unity projekt/Library/PackageCache/com.unity.visualscripting@1.8.0/Editor/VisualScripting.Core/Dependencies/YamlDotNet/Unity.VisualScripting.YamlDotNet.dll
Symbol file LoadedFromMemory doesn't match image /Users/oliverkragh/Documents/GitHub/Eksamen-2.0/Unity projekt/Library/PackageCache/com.unity.visualscripting@1.8.0/Editor/VisualScripting.Core/Dependencies/DotNetZip/Unity.VisualScripting.IonicZip.dll
Native extension for OSXStandalone target not found
Refreshing native plugins compatible for Editor in 0.57 ms, found 2 plugins.
Preloading 0 native plugins for Editor in 0.00 ms.
Mono: successfully reloaded assembly
- Completed reload, in  0.608 seconds
Domain Reload Profiling:
	ReloadAssembly (608ms)
		BeginReloadAssembly (87ms)
			ExecutionOrderSort (0ms)
			DisableScriptedObjects (3ms)
			BackupInstance (0ms)
			ReleaseScriptingObjects (0ms)
			CreateAndSetChildDomain (37ms)
		EndReloadAssembly (462ms)
			LoadAssemblies (38ms)
			RebuildTransferFunctionScriptingTraits (0ms)
			SetupTypeCache (187ms)
			ReleaseScriptCaches (1ms)
			RebuildScriptCaches (29ms)
			SetupLoadedEditorAssemblies (183ms)
				LogAssemblyErrors (0ms)
				InitializePlatformSupportModulesInManaged (5ms)
				SetLoadedEditorAssemblies (0ms)
				RefreshPlugins (1ms)
				BeforeProcessingInitializeOnLoad (37ms)
				ProcessInitializeOnLoadAttributes (126ms)
				ProcessInitializeOnLoadMethodAttributes (13ms)
				AfterProcessingInitializeOnLoad (1ms)
				EditorAssembliesLoaded (0ms)
			ExecutionOrderSort2 (0ms)
			AwakeInstancesAfterBackupRestoration (2ms)
Platform modules already initialized, skipping
Refreshing native plugins compatible for Editor in 0.96 ms, found 2 plugins.
Preloading 0 native plugins for Editor in 0.00 ms.
Unloading 3418 Unused Serialized files (Serialized files now loaded: 0)
Unloading 20 unused Assets / (66.4 KB). Loaded Objects now: 3936.
Memory consumption went from 147.4 MB to 147.3 MB.
Total: 2.623292 ms (FindLiveObjects: 0.119250 ms CreateObjectMapping: 0.072333 ms MarkObjects: 2.365834 ms  DeleteObjects: 0.065416 ms)

AssetImportParameters requested are different than current active one (requested -> active):
  custom:video-decoder-ogg-theora: a1e56fd34408186e4bbccfd4996cb3dc -> 
  custom:container-muxer-webm: aa71ff27fc2769a1b78a27578f13a17b -> 
  custom:container-demuxer-webm: 4f35f7cbe854078d1ac9338744f61a02 -> 
  custom:video-encoder-webm-vp8: eb34c28f22e8b96e1ab97ce403110664 -> 
  custom:framework-osx-AVFoundation: e770b220cccbd017edd2c1fefb359320 -> 
  custom:audio-encoder-webm-vorbis: bf7c407c2cedff20999df2af8eb42d56 -> 
  custom:container-demuxer-ogg: 62fdf1f143b41e24485cea50d1cbac27 -> 
  custom:video-decoder-webm-vp8: 9c59270c3fd7afecdb556c50c9e8de78 -> 
  custom:audio-decoder-ogg-vorbis: bf7c407c2cedff20999df2af8eb42d56 -> 
========================================================================
Received Import Request.
  Time since last request: 29.858916 seconds.
  path: Assets/Import/Zombie/Supercyan Character Pack Zombie Sample/Models/Character_Pack_Zombie_Sample.FBX
  artifactKey: Guid(8c53cffd52097cf4582f0a090c9a833e) Importer(815301076,1909f56bfc062723c751e8b465ee728b)
Start importing Assets/Import/Zombie/Supercyan Character Pack Zombie Sample/Models/Character_Pack_Zombie_Sample.FBX using Guid(8c53cffd52097cf4582f0a090c9a833e) Importer(815301076,1909f56bfc062723c751e8b465ee728b)  -> (artifact id: '9740b37ed89341ea88c710641fca9b4f') in 0.151252 seconds 
========================================================================
Received Import Request.
  Time since last request: 39.823842 seconds.
  path: Assets/Import/Zombie/Supercyan Character Pack Zombie Sample/Animations/free_sample_zombie@zombie_attack.FBX
  artifactKey: Guid(31c1a2a498086974eaa9d10c7f42d24d) Importer(815301076,1909f56bfc062723c751e8b465ee728b)
Start importing Assets/Import/Zombie/Supercyan Character Pack Zombie Sample/Animations/free_sample_zombie@zombie_attack.FBX using Guid(31c1a2a498086974eaa9d10c7f42d24d) Importer(815301076,1909f56bfc062723c751e8b465ee728b)  -> (artifact id: '605fca3668c9c6d05c2265148d973f10') in 0.004294 seconds 
========================================================================
Received Import Request.
  Time since last request: 0.000037 seconds.
  path: Assets/Import/Zombie/Supercyan Character Pack Zombie Sample/Animations/free_sample_zombie@zombie_walk_forward.FBX
  artifactKey: Guid(834e65f16fa33e54da306a0c84cb2df6) Importer(815301076,1909f56bfc062723c751e8b465ee728b)
Start importing Assets/Import/Zombie/Supercyan Character Pack Zombie Sample/Animations/free_sample_zombie@zombie_walk_forward.FBX using Guid(834e65f16fa33e54da306a0c84cb2df6) Importer(815301076,1909f56bfc062723c751e8b465ee728b)  -> (artifact id: 'ef346bdb0e008b6319a8c0ce49f67eb2') in 0.002297 seconds 
========================================================================
Received Import Request.
  Time since last request: 0.000036 seconds.
  path: Assets/Import/Zombie/Supercyan Character Pack Zombie Sample/Animations/free_sample_zombie@zombie_walk_backwards.FBX
  artifactKey: Guid(170ca84ebfa7e0e42ba6f49d42cd0c51) Importer(815301076,1909f56bfc062723c751e8b465ee728b)
Start importing Assets/Import/Zombie/Supercyan Character Pack Zombie Sample/Animations/free_sample_zombie@zombie_walk_backwards.FBX using Guid(170ca84ebfa7e0e42ba6f49d42cd0c51) Importer(815301076,1909f56bfc062723c751e8b465ee728b)  -> (artifact id: 'c50291edc606bda870a747be9245da8a') in 0.002365 seconds 
========================================================================
Received Import Request.
  Time since last request: 0.000035 seconds.
  path: Assets/Import/Zombie/Supercyan Character Pack Zombie Sample/Animations/free_sample_zombie@zombie_death_standing.FBX
  artifactKey: Guid(ec13975053ac9b04ba71483c47d8eed6) Importer(815301076,1909f56bfc062723c751e8b465ee728b)
Start importing Assets/Import/Zombie/Supercyan Character Pack Zombie Sample/Animations/free_sample_zombie@zombie_death_standing.FBX using Guid(ec13975053ac9b04ba71483c47d8eed6) Importer(815301076,1909f56bfc062723c751e8b465ee728b)  -> (artifact id: 'f2a4e13712ae74f208bec0c9c3c06e85') in 0.002555 seconds 
========================================================================
Received Import Request.
  Time since last request: 0.000032 seconds.
  path: Assets/Import/Zombie/Supercyan Character Pack Zombie Sample/Animations/free_sample_zombie@zombie_idle.FBX
  artifactKey: Guid(0aaab721d87c3d84daddd7c7a85d44fd) Importer(815301076,1909f56bfc062723c751e8b465ee728b)
Start importing Assets/Import/Zombie/Supercyan Character Pack Zombie Sample/Animations/free_sample_zombie@zombie_idle.FBX using Guid(0aaab721d87c3d84daddd7c7a85d44fd) Importer(815301076,1909f56bfc062723c751e8b465ee728b)  -> (artifact id: 'a9630ec2f89dc72f9e743584cdb0693c') in 0.002057 seconds 
========================================================================
Received Prepare
Registering precompiled user dll's ...
Registered in 0.001404 seconds.
Begin MonoManager ReloadAssembly
Thread 0x172a87000 may have been prematurely finalized
Symbol file LoadedFromMemory doesn't match image /Users/oliverkragh/Documents/GitHub/Eksamen-2.0/Unity projekt/Library/PackageCache/com.unity.visualscripting@1.8.0/Editor/VisualScripting.Core/Dependencies/YamlDotNet/Unity.VisualScripting.YamlDotNet.dll
Symbol file LoadedFromMemory doesn't match image /Users/oliverkragh/Documents/GitHub/Eksamen-2.0/Unity projekt/Library/PackageCache/com.unity.visualscripting@1.8.0/Editor/VisualScripting.Core/Dependencies/DotNetZip/Unity.VisualScripting.IonicZip.dll
Native extension for OSXStandalone target not found
Refreshing native plugins compatible for Editor in 0.55 ms, found 2 plugins.
Preloading 0 native plugins for Editor in 0.00 ms.
Mono: successfully reloaded assembly
- Completed reload, in  0.587 seconds
Domain Reload Profiling:
	ReloadAssembly (588ms)
		BeginReloadAssembly (75ms)
			ExecutionOrderSort (0ms)
			DisableScriptedObjects (2ms)
			BackupInstance (0ms)
			ReleaseScriptingObjects (0ms)
			CreateAndSetChildDomain (30ms)
		EndReloadAssembly (455ms)
			LoadAssemblies (34ms)
			RebuildTransferFunctionScriptingTraits (0ms)
			SetupTypeCache (178ms)
			ReleaseScriptCaches (1ms)
			RebuildScriptCaches (28ms)
			SetupLoadedEditorAssemblies (186ms)
				LogAssemblyErrors (0ms)
				InitializePlatformSupportModulesInManaged (5ms)
				SetLoadedEditorAssemblies (0ms)
				RefreshPlugins (1ms)
				BeforeProcessingInitializeOnLoad (37ms)
				ProcessInitializeOnLoadAttributes (128ms)
				ProcessInitializeOnLoadMethodAttributes (15ms)
				AfterProcessingInitializeOnLoad (1ms)
				EditorAssembliesLoaded (0ms)
			ExecutionOrderSort2 (0ms)
			AwakeInstancesAfterBackupRestoration (2ms)
Platform modules already initialized, skipping
Refreshing native plugins compatible for Editor in 0.92 ms, found 2 plugins.
Preloading 0 native plugins for Editor in 0.00 ms.
Unloading 3418 Unused Serialized files (Serialized files now loaded: 0)
Unloading 20 unused Assets / (66.3 KB). Loaded Objects now: 3942.
Memory consumption went from 151.7 MB to 151.7 MB.
Total: 2.334958 ms (FindLiveObjects: 0.111542 ms CreateObjectMapping: 0.050375 ms MarkObjects: 2.111208 ms  DeleteObjects: 0.061084 ms)

AssetImportParameters requested are different than current active one (requested -> active):
  custom:video-decoder-ogg-theora: a1e56fd34408186e4bbccfd4996cb3dc -> 
  custom:container-muxer-webm: aa71ff27fc2769a1b78a27578f13a17b -> 
  custom:container-demuxer-webm: 4f35f7cbe854078d1ac9338744f61a02 -> 
  custom:video-encoder-webm-vp8: eb34c28f22e8b96e1ab97ce403110664 -> 
  custom:framework-osx-AVFoundation: e770b220cccbd017edd2c1fefb359320 -> 
  custom:audio-encoder-webm-vorbis: bf7c407c2cedff20999df2af8eb42d56 -> 
  custom:container-demuxer-ogg: 62fdf1f143b41e24485cea50d1cbac27 -> 
  custom:video-decoder-webm-vp8: 9c59270c3fd7afecdb556c50c9e8de78 -> 
  custom:audio-decoder-ogg-vorbis: bf7c407c2cedff20999df2af8eb42d56 -> 
========================================================================
Received Import Request.
  Time since last request: 99.708671 seconds.
  path: Assets/Import/Player/Supercyan Character Pack Free Sample/Animations/common_people@backwards-run.FBX
  artifactKey: Guid(478fe807cc09b09448250cacc1ab8eb8) Importer(815301076,1909f56bfc062723c751e8b465ee728b)
Start importing Assets/Import/Player/Supercyan Character Pack Free Sample/Animations/common_people@backwards-run.FBX using Guid(478fe807cc09b09448250cacc1ab8eb8) Importer(815301076,1909f56bfc062723c751e8b465ee728b)  -> (artifact id: 'dfec24f4fca5ee85fbbf89d3a298549d') in 0.091757 seconds 
========================================================================
Received Import Request.
  Time since last request: 0.000041 seconds.
  path: Assets/Import/Player/Supercyan Character Pack Free Sample/Animations/common_people@idle.FBX
  artifactKey: Guid(10cbb0afa2a98564a983cdaf3c1b7551) Importer(815301076,1909f56bfc062723c751e8b465ee728b)
Start importing Assets/Import/Player/Supercyan Character Pack Free Sample/Animations/common_people@idle.FBX using Guid(10cbb0afa2a98564a983cdaf3c1b7551) Importer(815301076,1909f56bfc062723c751e8b465ee728b)  -> (artifact id: '06cd8f016c50cf7a8ac21559d58f8a60') in 0.009649 seconds 
========================================================================
Received Import Request.
  Time since last request: 0.000034 seconds.
  path: Assets/Import/Player/Supercyan Character Pack Free Sample/Animations/common_people@walk.FBX
  artifactKey: Guid(77d7842e2139f594bb31c3c63d1ad4b4) Importer(815301076,1909f56bfc062723c751e8b465ee728b)
Start importing Assets/Import/Player/Supercyan Character Pack Free Sample/Animations/common_people@walk.FBX using Guid(77d7842e2139f594bb31c3c63d1ad4b4) Importer(815301076,1909f56bfc062723c751e8b465ee728b)  -> (artifact id: 'b65da05ce4f3c6b112c6f12f4af4853f') in 0.009356 seconds 
========================================================================
Received Import Request.
  Time since last request: 0.000035 seconds.
  path: Assets/Import/Player/Supercyan Character Pack Free Sample/Animations/common_people@run.FBX
  artifactKey: Guid(587fb8efeff01634aa9ce8a5af77911a) Importer(815301076,1909f56bfc062723c751e8b465ee728b)
Start importing Assets/Import/Player/Supercyan Character Pack Free Sample/Animations/common_people@run.FBX using Guid(587fb8efeff01634aa9ce8a5af77911a) Importer(815301076,1909f56bfc062723c751e8b465ee728b)  -> (artifact id: '5394bde9e1c5f6975727bb3d319aabdf') in 0.009283 seconds 
========================================================================
Received Import Request.
  Time since last request: 0.000047 seconds.
  path: Assets/Import/Player/Supercyan Character Pack Free Sample/Animations/common_people@pickup.FBX
  artifactKey: Guid(b3662f281ce0fd5449670a910110afc4) Importer(815301076,1909f56bfc062723c751e8b465ee728b)
Start importing Assets/Import/Player/Supercyan Character Pack Free Sample/Animations/common_people@pickup.FBX using Guid(b3662f281ce0fd5449670a910110afc4) Importer(815301076,1909f56bfc062723c751e8b465ee728b)  -> (artifact id: 'fe034474c91015f3305957dc4a7f9819') in 0.009077 seconds 
========================================================================
Received Import Request.
  Time since last request: 0.000063 seconds.
  path: Assets/Import/Player/Supercyan Character Pack Free Sample/Animations/common_people@jump-float.FBX
  artifactKey: Guid(a61a057436c775f449fcb20e89101739) Importer(815301076,1909f56bfc062723c751e8b465ee728b)
Start importing Assets/Import/Player/Supercyan Character Pack Free Sample/Animations/common_people@jump-float.FBX using Guid(a61a057436c775f449fcb20e89101739) Importer(815301076,1909f56bfc062723c751e8b465ee728b)  -> (artifact id: 'd3db248485316ed7e34df40524bb930b') in 0.008850 seconds 
========================================================================
Received Import Request.
  Time since last request: 0.000034 seconds.
  path: Assets/Import/Player/Supercyan Character Pack Free Sample/Animations/common_people@wave.FBX
  artifactKey: Guid(09f13c3460d45ed43862ef43c7ddedb1) Importer(815301076,1909f56bfc062723c751e8b465ee728b)
Start importing Assets/Import/Player/Supercyan Character Pack Free Sample/Animations/common_people@wave.FBX using Guid(09f13c3460d45ed43862ef43c7ddedb1) Importer(815301076,1909f56bfc062723c751e8b465ee728b)  -> (artifact id: '75215ddaa22678f7e646d9e47b439fb4') in 0.008608 seconds 
========================================================================
Received Import Request.
  Time since last request: 0.000030 seconds.
  path: Assets/Import/Player/Supercyan Character Pack Free Sample/Animations/common_people@jump-down.FBX
  artifactKey: Guid(e128858833d96dd46adee36a45c805cd) Importer(815301076,1909f56bfc062723c751e8b465ee728b)
Start importing Assets/Import/Player/Supercyan Character Pack Free Sample/Animations/common_people@jump-down.FBX using Guid(e128858833d96dd46adee36a45c805cd) Importer(815301076,1909f56bfc062723c751e8b465ee728b)  -> (artifact id: '1102e58c7ef0400bb6a8a4ec1b09395c') in 0.008658 seconds 
========================================================================
Received Import Request.
  Time since last request: 0.000038 seconds.
  path: Assets/Import/Player/Supercyan Character Pack Free Sample/Animations/common_people@mpose.FBX
  artifactKey: Guid(45d480461bbdc704587e117329ce8e69) Importer(815301076,1909f56bfc062723c751e8b465ee728b)
Start importing Assets/Import/Player/Supercyan Character Pack Free Sample/Animations/common_people@mpose.FBX using Guid(45d480461bbdc704587e117329ce8e69) Importer(815301076,1909f56bfc062723c751e8b465ee728b)  -> (artifact id: 'f67edbd9e70f0e8ade2d5cce29e625f1') in 0.008914 seconds 
========================================================================
Received Import Request.
  Time since last request: 0.000032 seconds.
  path: Assets/Import/Player/Supercyan Character Pack Free Sample/Animations/common_people@jump-up.FBX
  artifactKey: Guid(441579d7f72cae545a24352282ac90e0) Importer(815301076,1909f56bfc062723c751e8b465ee728b)
Start importing Assets/Import/Player/Supercyan Character Pack Free Sample/Animations/common_people@jump-up.FBX using Guid(441579d7f72cae545a24352282ac90e0) Importer(815301076,1909f56bfc062723c751e8b465ee728b)  -> (artifact id: 'e429f5fa5db1709d9922abecc0b6f962') in 0.008858 seconds 
========================================================================
Received Import Request.
  Time since last request: 0.000052 seconds.
  path: Assets/Import/Player/Supercyan Character Pack Free Sample/Animations/common_people@backwards-walk.FBX
  artifactKey: Guid(854ef493abe79464ca6e9795fb330040) Importer(815301076,1909f56bfc062723c751e8b465ee728b)
Start importing Assets/Import/Player/Supercyan Character Pack Free Sample/Animations/common_people@backwards-walk.FBX using Guid(854ef493abe79464ca6e9795fb330040) Importer(815301076,1909f56bfc062723c751e8b465ee728b)  -> (artifact id: '6743c6b6c29dc0686a65b32489583d68') in 0.010292 seconds 
========================================================================
Received Import Request.
  Time since last request: 15.983419 seconds.
  path: Assets/Import/Player/Supercyan Character Pack Free Sample/Scenes/DemoScene
  artifactKey: Guid(44c948aa5a1adee4e83d221fcb6c7b5b) Importer(815301076,1909f56bfc062723c751e8b465ee728b)
Start importing Assets/Import/Player/Supercyan Character Pack Free Sample/Scenes/DemoScene using Guid(44c948aa5a1adee4e83d221fcb6c7b5b) Importer(815301076,1909f56bfc062723c751e8b465ee728b)  -> (artifact id: 'd4a4989258095b736d8c82c7c113e621') in 0.000909 seconds 
========================================================================
Received Import Request.
  Time since last request: 0.760108 seconds.
  path: Assets/Import/Player/Supercyan Character Pack Free Sample/Scenes/DemoScene/LightingData.asset
  artifactKey: Guid(493b3256e219d69489443246cfdd72cb) Importer(815301076,1909f56bfc062723c751e8b465ee728b)
Start importing Assets/Import/Player/Supercyan Character Pack Free Sample/Scenes/DemoScene/LightingData.asset using Guid(493b3256e219d69489443246cfdd72cb) Importer(815301076,1909f56bfc062723c751e8b465ee728b)  -> (artifact id: '2752b623ee0a3f4230f060547c39475e') in 0.027086 seconds 
========================================================================
Received Import Request.
  Time since last request: 0.000041 seconds.
  path: Assets/Import/Player/Supercyan Character Pack Free Sample/Scenes/DemoScene/ReflectionProbe-0.exr
  artifactKey: Guid(3908bb1c2ff97c94b87da7a13a4f51d6) Importer(815301076,1909f56bfc062723c751e8b465ee728b)
Start importing Assets/Import/Player/Supercyan Character Pack Free Sample/Scenes/DemoScene/ReflectionProbe-0.exr using Guid(3908bb1c2ff97c94b87da7a13a4f51d6) Importer(815301076,1909f56bfc062723c751e8b465ee728b)  -> (artifact id: '0f86a0b8bc12e99e6bf52cf86e5fecb8') in 0.577007 seconds 
========================================================================
Received Import Request.
  Time since last request: 17.088199 seconds.
  path: Assets/Import/Zombie/Supercyan Character Pack Zombie Sample/Animations
  artifactKey: Guid(11ff4b2e21b8aa64aa52aafea4be4985) Importer(815301076,1909f56bfc062723c751e8b465ee728b)
Start importing Assets/Import/Zombie/Supercyan Character Pack Zombie Sample/Animations using Guid(11ff4b2e21b8aa64aa52aafea4be4985) Importer(815301076,1909f56bfc062723c751e8b465ee728b)  -> (artifact id: '9469607bd3bac5359a1e25ea31c620b1') in 0.000903 seconds 
========================================================================
Received Import Request.
  Time since last request: 0.674742 seconds.
  path: Assets/Import/Zombie/Supercyan Character Pack Zombie Sample/AnimatorControllers
  artifactKey: Guid(f5fc19ef1133f6a4ab7dadf5b2f61d44) Importer(815301076,1909f56bfc062723c751e8b465ee728b)
Start importing Assets/Import/Zombie/Supercyan Character Pack Zombie Sample/AnimatorControllers using Guid(f5fc19ef1133f6a4ab7dadf5b2f61d44) Importer(815301076,1909f56bfc062723c751e8b465ee728b)  -> (artifact id: '7b416586d8ee93b3785add7eb621f10b') in 0.000755 seconds 
========================================================================
Received Import Request.
  Time since last request: 1.466004 seconds.
  path: Assets/Import/Zombie/Supercyan Character Pack Zombie Sample/Materials
  artifactKey: Guid(b23951217ab257b4bb9ca89398cfba76) Importer(815301076,1909f56bfc062723c751e8b465ee728b)
Start importing Assets/Import/Zombie/Supercyan Character Pack Zombie Sample/Materials using Guid(b23951217ab257b4bb9ca89398cfba76) Importer(815301076,1909f56bfc062723c751e8b465ee728b)  -> (artifact id: 'f34dcb901a3567101e66f8779eba600c') in 0.000751 seconds 
========================================================================
Received Import Request.
  Time since last request: 1.241038 seconds.
  path: Assets/Import/Zombie/Supercyan Character Pack Zombie Sample/Models
  artifactKey: Guid(e49518ac9f5dc65498ba5a8f8aa38300) Importer(815301076,1909f56bfc062723c751e8b465ee728b)
Start importing Assets/Import/Zombie/Supercyan Character Pack Zombie Sample/Models using Guid(e49518ac9f5dc65498ba5a8f8aa38300) Importer(815301076,1909f56bfc062723c751e8b465ee728b)  -> (artifact id: '42074aa229b63f777cd4972174c64f61') in 0.000521 seconds 
========================================================================
Received Import Request.
  Time since last request: 0.869057 seconds.
  path: Assets/Import/Zombie/Supercyan Character Pack Zombie Sample/Prefabs
  artifactKey: Guid(32fcfbac277f4a9469bbe5363f81f911) Importer(815301076,1909f56bfc062723c751e8b465ee728b)
Start importing Assets/Import/Zombie/Supercyan Character Pack Zombie Sample/Prefabs using Guid(32fcfbac277f4a9469bbe5363f81f911) Importer(815301076,1909f56bfc062723c751e8b465ee728b)  -> (artifact id: '10ac27f958ec141da23869ea072f16f1') in 0.000742 seconds 
========================================================================
Received Import Request.
  Time since last request: 1.212895 seconds.
  path: Assets/Import/Zombie/Supercyan Character Pack Zombie Sample/Prefabs/SimpleMovement
  artifactKey: Guid(e77aed1e4c0701c4fa932f1e9c908208) Importer(815301076,1909f56bfc062723c751e8b465ee728b)
Start importing Assets/Import/Zombie/Supercyan Character Pack Zombie Sample/Prefabs/SimpleMovement using Guid(e77aed1e4c0701c4fa932f1e9c908208) Importer(815301076,1909f56bfc062723c751e8b465ee728b)  -> (artifact id: '27742b185ac0d2082a3b33d2094d95b0') in 0.000869 seconds 
========================================================================
Received Import Request.
  Time since last request: 1.916331 seconds.
  path: Assets/Import/Zombie/Supercyan Character Pack Zombie Sample/Prefabs/SimpleMovement/High Quality
  artifactKey: Guid(c334a899074fb674e9675efbfaa3dbe0) Importer(815301076,1909f56bfc062723c751e8b465ee728b)
Start importing Assets/Import/Zombie/Supercyan Character Pack Zombie Sample/Prefabs/SimpleMovement/High Quality using Guid(c334a899074fb674e9675efbfaa3dbe0) Importer(815301076,1909f56bfc062723c751e8b465ee728b)  -> (artifact id: '8a2923bb29fe1d230fceff155ea99bf4') in 0.000706 seconds 
========================================================================
Received Import Request.
  Time since last request: 0.076364 seconds.
  path: Assets/Import/Zombie/Supercyan Character Pack Zombie Sample/Prefabs/SimpleMovement/High Quality/FreeZombieSimpleMovement.prefab
  artifactKey: Guid(a8145fd98e506094980d05080bde9072) Importer(815301076,1909f56bfc062723c751e8b465ee728b)
Start importing Assets/Import/Zombie/Supercyan Character Pack Zombie Sample/Prefabs/SimpleMovement/High Quality/FreeZombieSimpleMovement.prefab using Guid(a8145fd98e506094980d05080bde9072) Importer(815301076,1909f56bfc062723c751e8b465ee728b)  -> (artifact id: '4b2b776e7616c457a8c23d6b01689da6') in 0.016218 seconds 
========================================================================
Received Import Request.
  Time since last request: 562.534546 seconds.
  path: Assets/Import/Zombie/Supercyan Character Pack Zombie Sample/Models/Character_Pack_Zombie_Sample.FBX
  artifactKey: Guid(8c53cffd52097cf4582f0a090c9a833e) Importer(815301076,1909f56bfc062723c751e8b465ee728b)
Start importing Assets/Import/Zombie/Supercyan Character Pack Zombie Sample/Models/Character_Pack_Zombie_Sample.FBX using Guid(8c53cffd52097cf4582f0a090c9a833e) Importer(815301076,1909f56bfc062723c751e8b465ee728b)  -> (artifact id: '4ec953ed205a36115480ae69ee94971a') in 0.022221 seconds 
========================================================================
Received Import Request.
  Time since last request: 22.941397 seconds.
  path: Assets/Import/Zombie/Supercyan Character Pack Zombie Sample/Prefabs/Base
  artifactKey: Guid(ff96ec8e6bf101c4289d8e01213f420b) Importer(815301076,1909f56bfc062723c751e8b465ee728b)
Start importing Assets/Import/Zombie/Supercyan Character Pack Zombie Sample/Prefabs/Base using Guid(ff96ec8e6bf101c4289d8e01213f420b) Importer(815301076,1909f56bfc062723c751e8b465ee728b)  -> (artifact id: '23af2b1ce28db7ea381c78d6767b9904') in 0.001714 seconds 
========================================================================
Received Import Request.
  Time since last request: 0.779606 seconds.
  path: Assets/Import/Zombie/Supercyan Character Pack Zombie Sample/Prefabs/Base/High Quality
  artifactKey: Guid(0781965ec0a570641b87b1951d472fcb) Importer(815301076,1909f56bfc062723c751e8b465ee728b)
Start importing Assets/Import/Zombie/Supercyan Character Pack Zombie Sample/Prefabs/Base/High Quality using Guid(0781965ec0a570641b87b1951d472fcb) Importer(815301076,1909f56bfc062723c751e8b465ee728b)  -> (artifact id: '2aee9188288b1af0a7b22a67894ab3bd') in 0.000706 seconds 
========================================================================
Received Import Request.
  Time since last request: 0.067108 seconds.
  path: Assets/Import/Zombie/Supercyan Character Pack Zombie Sample/Prefabs/Base/High Quality/FreeZombie.prefab
  artifactKey: Guid(0c74bed2ad49fad4d94fca86441ad49f) Importer(815301076,1909f56bfc062723c751e8b465ee728b)
Start importing Assets/Import/Zombie/Supercyan Character Pack Zombie Sample/Prefabs/Base/High Quality/FreeZombie.prefab using Guid(0c74bed2ad49fad4d94fca86441ad49f) Importer(815301076,1909f56bfc062723c751e8b465ee728b)  -> (artifact id: 'e24097dc24dd89e61acfdc8cfde02bda') in 0.011822 seconds 
========================================================================
Received Import Request.
  Time since last request: 5.706603 seconds.
  path: Assets/Import/Zombie/Supercyan Character Pack Zombie Sample
  artifactKey: Guid(60da39d5b75471341923609a236a8f73) Importer(815301076,1909f56bfc062723c751e8b465ee728b)
Start importing Assets/Import/Zombie/Supercyan Character Pack Zombie Sample using Guid(60da39d5b75471341923609a236a8f73) Importer(815301076,1909f56bfc062723c751e8b465ee728b)  -> (artifact id: 'c250c800a091ea88c0f9998d66de7cdd') in 0.001654 seconds 
========================================================================
Received Import Request.
  Time since last request: 10.524569 seconds.
  path: Assets/Import/Zombie/Supercyan Character Pack Zombie Sample/Prefabs/SimpleMovement/Mobile
  artifactKey: Guid(69b726a217b61b2409e8a9e976867515) Importer(815301076,1909f56bfc062723c751e8b465ee728b)
Start importing Assets/Import/Zombie/Supercyan Character Pack Zombie Sample/Prefabs/SimpleMovement/Mobile using Guid(69b726a217b61b2409e8a9e976867515) Importer(815301076,1909f56bfc062723c751e8b465ee728b)  -> (artifact id: '189db752b71e94fbcbf4da9c7c39d7f1') in 0.001768 seconds 
========================================================================
Received Import Request.
  Time since last request: 0.766314 seconds.
  path: Assets/Import/Zombie/Supercyan Character Pack Zombie Sample/Prefabs/SimpleMovement/Mobile/MobileFreeZombieSimpleMovement.prefab
  artifactKey: Guid(2869f50f08793594889040a0ec4b691e) Importer(815301076,1909f56bfc062723c751e8b465ee728b)
Start importing Assets/Import/Zombie/Supercyan Character Pack Zombie Sample/Prefabs/SimpleMovement/Mobile/MobileFreeZombieSimpleMovement.prefab using Guid(2869f50f08793594889040a0ec4b691e) Importer(815301076,1909f56bfc062723c751e8b465ee728b)  -> (artifact id: 'b3d672838004452b413a46bdadd2f3ba') in 0.119050 seconds 
========================================================================
Received Prepare
Registering precompiled user dll's ...
Registered in 0.001446 seconds.
Begin MonoManager ReloadAssembly
Thread 0x16fe47000 may have been prematurely finalized
Symbol file LoadedFromMemory doesn't match image /Users/oliverkragh/Documents/GitHub/Eksamen-2.0/Unity projekt/Library/PackageCache/com.unity.visualscripting@1.8.0/Editor/VisualScripting.Core/Dependencies/YamlDotNet/Unity.VisualScripting.YamlDotNet.dll
Symbol file LoadedFromMemory doesn't match image /Users/oliverkragh/Documents/GitHub/Eksamen-2.0/Unity projekt/Library/PackageCache/com.unity.visualscripting@1.8.0/Editor/VisualScripting.Core/Dependencies/DotNetZip/Unity.VisualScripting.IonicZip.dll
Native extension for OSXStandalone target not found
Refreshing native plugins compatible for Editor in 0.46 ms, found 2 plugins.
Preloading 0 native plugins for Editor in 0.00 ms.
Mono: successfully reloaded assembly
- Completed reload, in  0.616 seconds
Domain Reload Profiling:
	ReloadAssembly (616ms)
		BeginReloadAssembly (101ms)
			ExecutionOrderSort (0ms)
			DisableScriptedObjects (3ms)
			BackupInstance (0ms)
			ReleaseScriptingObjects (0ms)
			CreateAndSetChildDomain (44ms)
		EndReloadAssembly (456ms)
			LoadAssemblies (38ms)
			RebuildTransferFunctionScriptingTraits (0ms)
			SetupTypeCache (184ms)
			ReleaseScriptCaches (1ms)
			RebuildScriptCaches (29ms)
			SetupLoadedEditorAssemblies (183ms)
				LogAssemblyErrors (0ms)
				InitializePlatformSupportModulesInManaged (6ms)
				SetLoadedEditorAssemblies (0ms)
				RefreshPlugins (0ms)
				BeforeProcessingInitializeOnLoad (37ms)
				ProcessInitializeOnLoadAttributes (125ms)
				ProcessInitializeOnLoadMethodAttributes (13ms)
				AfterProcessingInitializeOnLoad (1ms)
				EditorAssembliesLoaded (0ms)
			ExecutionOrderSort2 (0ms)
			AwakeInstancesAfterBackupRestoration (2ms)
Platform modules already initialized, skipping
Refreshing native plugins compatible for Editor in 0.89 ms, found 2 plugins.
Preloading 0 native plugins for Editor in 0.00 ms.
Unloading 3418 Unused Serialized files (Serialized files now loaded: 0)
Unloading 20 unused Assets / (66.3 KB). Loaded Objects now: 3970.
Memory consumption went from 160.3 MB to 160.2 MB.
Total: 2.419875 ms (FindLiveObjects: 0.110917 ms CreateObjectMapping: 0.049042 ms MarkObjects: 2.178750 ms  DeleteObjects: 0.080666 ms)

AssetImportParameters requested are different than current active one (requested -> active):
  custom:video-decoder-ogg-theora: a1e56fd34408186e4bbccfd4996cb3dc -> 
  custom:container-muxer-webm: aa71ff27fc2769a1b78a27578f13a17b -> 
  custom:container-demuxer-webm: 4f35f7cbe854078d1ac9338744f61a02 -> 
  custom:video-encoder-webm-vp8: eb34c28f22e8b96e1ab97ce403110664 -> 
  custom:framework-osx-AVFoundation: e770b220cccbd017edd2c1fefb359320 -> 
  custom:audio-encoder-webm-vorbis: bf7c407c2cedff20999df2af8eb42d56 -> 
  custom:container-demuxer-ogg: 62fdf1f143b41e24485cea50d1cbac27 -> 
  custom:video-decoder-webm-vp8: 9c59270c3fd7afecdb556c50c9e8de78 -> 
  custom:audio-decoder-ogg-vorbis: bf7c407c2cedff20999df2af8eb42d56 -> 
========================================================================
Received Import Request.
  Time since last request: 80.349050 seconds.
  path: Assets/PreFabs/Zombie/FreeZombie.prefab
  artifactKey: Guid(d189733d65ee5f544bc765db4e8960ef) Importer(815301076,1909f56bfc062723c751e8b465ee728b)
Start importing Assets/PreFabs/Zombie/FreeZombie.prefab using Guid(d189733d65ee5f544bc765db4e8960ef) Importer(815301076,1909f56bfc062723c751e8b465ee728b)  -> (artifact id: '7f7ebbb954d3dab0f969337e2de73f91') in 0.048411 seconds 
========================================================================
Received Import Request.
  Time since last request: 232.684626 seconds.
  path: Assets/Import/Zombie/Supercyan Character Pack Zombie Sample/Prefabs/SimpleMovement/High Quality/FreeZombieSimpleMovement.prefab
  artifactKey: Guid(a8145fd98e506094980d05080bde9072) Importer(815301076,1909f56bfc062723c751e8b465ee728b)
Start importing Assets/Import/Zombie/Supercyan Character Pack Zombie Sample/Prefabs/SimpleMovement/High Quality/FreeZombieSimpleMovement.prefab using Guid(a8145fd98e506094980d05080bde9072) Importer(815301076,1909f56bfc062723c751e8b465ee728b)  -> (artifact id: '1d1bbd55b4f688dfb070630b2474853b') in 0.018375 seconds 
========================================================================
Received Import Request.
  Time since last request: 7.249075 seconds.
  path: Assets/Import/Zombie
  artifactKey: Guid(2b4a528b8e4361b44a7e4bfd0a88b124) Importer(815301076,1909f56bfc062723c751e8b465ee728b)
Start importing Assets/Import/Zombie using Guid(2b4a528b8e4361b44a7e4bfd0a88b124) Importer(815301076,1909f56bfc062723c751e8b465ee728b)  -> (artifact id: '3a8ef413d5036772c00b111f0b76f26d') in 0.001519 seconds 
========================================================================
Received Import Request.
  Time since last request: 4.093903 seconds.
  path: Assets/Import/Zombie/Supercyan Character Pack Zombie Sample/Scripts
  artifactKey: Guid(2011d135dfc132b42b7cae04447cb1e3) Importer(815301076,1909f56bfc062723c751e8b465ee728b)
Start importing Assets/Import/Zombie/Supercyan Character Pack Zombie Sample/Scripts using Guid(2011d135dfc132b42b7cae04447cb1e3) Importer(815301076,1909f56bfc062723c751e8b465ee728b)  -> (artifact id: 'accbcbc3b9e9efbc24d60f781d0c6970') in 0.001583 seconds 
========================================================================
Received Import Request.
  Time since last request: 1.134413 seconds.
  path: Assets/Import/Zombie/Supercyan Character Pack Zombie Sample/Scripts/ZombieCameraLogic.cs
  artifactKey: Guid(90ded75707e6bc14a9c7a555fceb1d18) Importer(815301076,1909f56bfc062723c751e8b465ee728b)
Start importing Assets/Import/Zombie/Supercyan Character Pack Zombie Sample/Scripts/ZombieCameraLogic.cs using Guid(90ded75707e6bc14a9c7a555fceb1d18) Importer(815301076,1909f56bfc062723c751e8b465ee728b)  -> (artifact id: '6f02460800cd37eb41b4170ae87bb614') in 0.185244 seconds 
========================================================================
Received Import Request.
  Time since last request: 3.868247 seconds.
  path: Assets/Import/Zombie/Supercyan Character Pack Zombie Sample/Scripts/ZombieCharacterControl.cs
  artifactKey: Guid(58d6da23a2cbdbf419e581162aa2eaaf) Importer(815301076,1909f56bfc062723c751e8b465ee728b)
Start importing Assets/Import/Zombie/Supercyan Character Pack Zombie Sample/Scripts/ZombieCharacterControl.cs using Guid(58d6da23a2cbdbf419e581162aa2eaaf) Importer(815301076,1909f56bfc062723c751e8b465ee728b)  -> (artifact id: 'b16cd147005167432fe88f0113fddaee') in 0.001792 seconds 
========================================================================
Received Import Request.
  Time since last request: 6.654207 seconds.
  path: Assets/Import/Zombie/Supercyan Character Pack Zombie Sample/Scripts/ZombieFree.cs
  artifactKey: Guid(aa2670a4e7c366946a3397330117d659) Importer(815301076,1909f56bfc062723c751e8b465ee728b)
Start importing Assets/Import/Zombie/Supercyan Character Pack Zombie Sample/Scripts/ZombieFree.cs using Guid(aa2670a4e7c366946a3397330117d659) Importer(815301076,1909f56bfc062723c751e8b465ee728b)  -> (artifact id: 'fc4d44969e69ceabcc4d31aed39c4f6b') in 0.001796 seconds 
========================================================================
Received Import Request.
  Time since last request: 11.940100 seconds.
  path: Assets/Import/Zombie/Supercyan Character Pack Zombie Sample/Textures
  artifactKey: Guid(ad6093b3d8b93174fba7e575ca5ed627) Importer(815301076,1909f56bfc062723c751e8b465ee728b)
Start importing Assets/Import/Zombie/Supercyan Character Pack Zombie Sample/Textures using Guid(ad6093b3d8b93174fba7e575ca5ed627) Importer(815301076,1909f56bfc062723c751e8b465ee728b)  -> (artifact id: 'dbc20cf65627fdd8dbec8c7fc3bb4417') in 0.001615 seconds 
========================================================================
Received Import Request.
  Time since last request: 1.762775 seconds.
  path: Assets/Import/Zombie/Supercyan Character Pack Zombie Sample/Textures/free_zombie_body_diffuse.psd
  artifactKey: Guid(07e331a1e9c6d9d4493d1e1b6996c5ab) Importer(815301076,1909f56bfc062723c751e8b465ee728b)
Start importing Assets/Import/Zombie/Supercyan Character Pack Zombie Sample/Textures/free_zombie_body_diffuse.psd using Guid(07e331a1e9c6d9d4493d1e1b6996c5ab) Importer(815301076,1909f56bfc062723c751e8b465ee728b)  -> (artifact id: '3c2ed4b96a9d4e50fbcc267579c70b70') in 0.618762 seconds 
========================================================================
Received Import Request.
  Time since last request: 0.000062 seconds.
  path: Assets/Import/Zombie/Supercyan Character Pack Zombie Sample/Textures/free_zombie_head_diffuse.psd
  artifactKey: Guid(7c55760883dbbb94ba596e38d2de2ca8) Importer(815301076,1909f56bfc062723c751e8b465ee728b)
Start importing Assets/Import/Zombie/Supercyan Character Pack Zombie Sample/Textures/free_zombie_head_diffuse.psd using Guid(7c55760883dbbb94ba596e38d2de2ca8) Importer(815301076,1909f56bfc062723c751e8b465ee728b)  -> (artifact id: 'b32037d32224025b4dc44226f8a338f8') in 0.007358 seconds 
========================================================================
Received Import Request.
  Time since last request: 17.947160 seconds.
  path: Assets/Import/Zombie/Supercyan Character Pack Zombie Sample/Scenes/DemoScene
  artifactKey: Guid(d382998a341c8384c9283267dafdc066) Importer(815301076,1909f56bfc062723c751e8b465ee728b)
Start importing Assets/Import/Zombie/Supercyan Character Pack Zombie Sample/Scenes/DemoScene using Guid(d382998a341c8384c9283267dafdc066) Importer(815301076,1909f56bfc062723c751e8b465ee728b)  -> (artifact id: '9933e8524d6d11233bb297acb62eaf0f') in 0.000912 seconds 
========================================================================
Received Import Request.
  Time since last request: 0.094636 seconds.
  path: Assets/Import/Zombie/Supercyan Character Pack Zombie Sample/Scenes/DemoScene/LightingData.asset
  artifactKey: Guid(d275f529a3c5d2949a58e5d126833d2f) Importer(815301076,1909f56bfc062723c751e8b465ee728b)
Start importing Assets/Import/Zombie/Supercyan Character Pack Zombie Sample/Scenes/DemoScene/LightingData.asset using Guid(d275f529a3c5d2949a58e5d126833d2f) Importer(815301076,1909f56bfc062723c751e8b465ee728b)  -> (artifact id: '773d918b370065d5afe6ff53a5c14b21') in 0.002714 seconds 
========================================================================
Received Import Request.
  Time since last request: 0.000053 seconds.
  path: Assets/Import/Zombie/Supercyan Character Pack Zombie Sample/Scenes/DemoScene/ReflectionProbe-0.exr
  artifactKey: Guid(43c9b42a3c4a3cf47af933aa55693c36) Importer(815301076,1909f56bfc062723c751e8b465ee728b)
Start importing Assets/Import/Zombie/Supercyan Character Pack Zombie Sample/Scenes/DemoScene/ReflectionProbe-0.exr using Guid(43c9b42a3c4a3cf47af933aa55693c36) Importer(815301076,1909f56bfc062723c751e8b465ee728b)  -> (artifact id: '3b1554cc49a0d847cde3e72b15d41d19') in 0.011279 seconds 
========================================================================
Received Import Request.
  Time since last request: 36.112634 seconds.
  path: Assets/Import/Zombie/Supercyan Character Pack Zombie Sample/Prefabs/Base/Mobile/MobileFreeZombie.prefab
  artifactKey: Guid(e45a69c421144304c8d8176026d3fd7b) Importer(815301076,1909f56bfc062723c751e8b465ee728b)
Start importing Assets/Import/Zombie/Supercyan Character Pack Zombie Sample/Prefabs/Base/Mobile/MobileFreeZombie.prefab using Guid(e45a69c421144304c8d8176026d3fd7b) Importer(815301076,1909f56bfc062723c751e8b465ee728b)  -> (artifact id: 'cf6e691433cc22dc6ae7929816e6d2c2') in 0.010849 seconds 
========================================================================
Received Import Request.
  Time since last request: 31.470904 seconds.
  path: Assets/Import/Zombie/Supercyan Character Pack Zombie Sample/AnimatorControllers/FreeZombieController.controller
  artifactKey: Guid(c929656c07909194ab8a5cd79f5f371d) Importer(815301076,1909f56bfc062723c751e8b465ee728b)
Start importing Assets/Import/Zombie/Supercyan Character Pack Zombie Sample/AnimatorControllers/FreeZombieController.controller using Guid(c929656c07909194ab8a5cd79f5f371d) Importer(815301076,1909f56bfc062723c751e8b465ee728b)  -> (artifact id: '472b32ef856f988048c28f3104bf32de') in 0.029484 seconds 
========================================================================
Received Prepare
Registering precompiled user dll's ...
Registered in 0.001517 seconds.
Begin MonoManager ReloadAssembly
Thread 0x16f843000 may have been prematurely finalized
Symbol file LoadedFromMemory doesn't match image /Users/oliverkragh/Documents/GitHub/Eksamen-2.0/Unity projekt/Library/PackageCache/com.unity.visualscripting@1.8.0/Editor/VisualScripting.Core/Dependencies/YamlDotNet/Unity.VisualScripting.YamlDotNet.dll
Symbol file LoadedFromMemory doesn't match image /Users/oliverkragh/Documents/GitHub/Eksamen-2.0/Unity projekt/Library/PackageCache/com.unity.visualscripting@1.8.0/Editor/VisualScripting.Core/Dependencies/DotNetZip/Unity.VisualScripting.IonicZip.dll
Native extension for OSXStandalone target not found
Refreshing native plugins compatible for Editor in 0.51 ms, found 2 plugins.
Preloading 0 native plugins for Editor in 0.00 ms.
Mono: successfully reloaded assembly
- Completed reload, in  0.584 seconds
Domain Reload Profiling:
	ReloadAssembly (584ms)
		BeginReloadAssembly (80ms)
			ExecutionOrderSort (0ms)
			DisableScriptedObjects (2ms)
			BackupInstance (0ms)
			ReleaseScriptingObjects (0ms)
			CreateAndSetChildDomain (32ms)
		EndReloadAssembly (447ms)
			LoadAssemblies (34ms)
			RebuildTransferFunctionScriptingTraits (0ms)
			SetupTypeCache (177ms)
			ReleaseScriptCaches (1ms)
			RebuildScriptCaches (27ms)
			SetupLoadedEditorAssemblies (182ms)
				LogAssemblyErrors (0ms)
				InitializePlatformSupportModulesInManaged (5ms)
				SetLoadedEditorAssemblies (0ms)
				RefreshPlugins (1ms)
				BeforeProcessingInitializeOnLoad (37ms)
				ProcessInitializeOnLoadAttributes (125ms)
				ProcessInitializeOnLoadMethodAttributes (14ms)
				AfterProcessingInitializeOnLoad (1ms)
				EditorAssembliesLoaded (0ms)
			ExecutionOrderSort2 (0ms)
			AwakeInstancesAfterBackupRestoration (2ms)
Platform modules already initialized, skipping
Refreshing native plugins compatible for Editor in 0.93 ms, found 2 plugins.
Preloading 0 native plugins for Editor in 0.00 ms.
Unloading 3418 Unused Serialized files (Serialized files now loaded: 0)
Unloading 20 unused Assets / (66.5 KB). Loaded Objects now: 3975.
Memory consumption went from 172.7 MB to 172.6 MB.
Total: 2.296917 ms (FindLiveObjects: 0.121167 ms CreateObjectMapping: 0.054625 ms MarkObjects: 2.052250 ms  DeleteObjects: 0.068375 ms)

AssetImportParameters requested are different than current active one (requested -> active):
  custom:video-decoder-ogg-theora: a1e56fd34408186e4bbccfd4996cb3dc -> 
  custom:container-muxer-webm: aa71ff27fc2769a1b78a27578f13a17b -> 
  custom:container-demuxer-webm: 4f35f7cbe854078d1ac9338744f61a02 -> 
  custom:video-encoder-webm-vp8: eb34c28f22e8b96e1ab97ce403110664 -> 
  custom:framework-osx-AVFoundation: e770b220cccbd017edd2c1fefb359320 -> 
  custom:audio-encoder-webm-vorbis: bf7c407c2cedff20999df2af8eb42d56 -> 
  custom:container-demuxer-ogg: 62fdf1f143b41e24485cea50d1cbac27 -> 
  custom:video-decoder-webm-vp8: 9c59270c3fd7afecdb556c50c9e8de78 -> 
  custom:audio-decoder-ogg-vorbis: bf7c407c2cedff20999df2af8eb42d56 -> 
========================================================================
Received Import Request.
  Time since last request: 501.365065 seconds.
  path: Assets/PreFabs/Zombie/FreeZombie.prefab
  artifactKey: Guid(d189733d65ee5f544bc765db4e8960ef) Importer(815301076,1909f56bfc062723c751e8b465ee728b)
Start importing Assets/PreFabs/Zombie/FreeZombie.prefab using Guid(d189733d65ee5f544bc765db4e8960ef) Importer(815301076,1909f56bfc062723c751e8b465ee728b)  -> (artifact id: 'f609d93dfe89140ba3308efb8fa717ff') in 0.036875 seconds 
========================================================================
Received Prepare
Registering precompiled user dll's ...
Registered in 0.001400 seconds.
Begin MonoManager ReloadAssembly
Thread 0x16f843000 may have been prematurely finalized
Symbol file LoadedFromMemory doesn't match image /Users/oliverkragh/Documents/GitHub/Eksamen-2.0/Unity projekt/Library/PackageCache/com.unity.visualscripting@1.8.0/Editor/VisualScripting.Core/Dependencies/YamlDotNet/Unity.VisualScripting.YamlDotNet.dll
Symbol file LoadedFromMemory doesn't match image /Users/oliverkragh/Documents/GitHub/Eksamen-2.0/Unity projekt/Library/PackageCache/com.unity.visualscripting@1.8.0/Editor/VisualScripting.Core/Dependencies/DotNetZip/Unity.VisualScripting.IonicZip.dll
Native extension for OSXStandalone target not found
Refreshing native plugins compatible for Editor in 0.44 ms, found 2 plugins.
Preloading 0 native plugins for Editor in 0.00 ms.
Mono: successfully reloaded assembly
- Completed reload, in  0.571 seconds
Domain Reload Profiling:
	ReloadAssembly (572ms)
		BeginReloadAssembly (74ms)
			ExecutionOrderSort (0ms)
			DisableScriptedObjects (3ms)
			BackupInstance (0ms)
			ReleaseScriptingObjects (0ms)
			CreateAndSetChildDomain (27ms)
		EndReloadAssembly (440ms)
			LoadAssemblies (34ms)
			RebuildTransferFunctionScriptingTraits (0ms)
			SetupTypeCache (173ms)
			ReleaseScriptCaches (1ms)
			RebuildScriptCaches (27ms)
			SetupLoadedEditorAssemblies (181ms)
				LogAssemblyErrors (0ms)
				InitializePlatformSupportModulesInManaged (5ms)
				SetLoadedEditorAssemblies (0ms)
				RefreshPlugins (0ms)
				BeforeProcessingInitializeOnLoad (36ms)
				ProcessInitializeOnLoadAttributes (125ms)
				ProcessInitializeOnLoadMethodAttributes (13ms)
				AfterProcessingInitializeOnLoad (1ms)
				EditorAssembliesLoaded (0ms)
			ExecutionOrderSort2 (0ms)
			AwakeInstancesAfterBackupRestoration (2ms)
Platform modules already initialized, skipping
Refreshing native plugins compatible for Editor in 1.37 ms, found 2 plugins.
Preloading 0 native plugins for Editor in 0.00 ms.
Unloading 3418 Unused Serialized files (Serialized files now loaded: 0)
Unloading 20 unused Assets / (66.3 KB). Loaded Objects now: 3978.
Memory consumption went from 172.7 MB to 172.6 MB.
Total: 2.267375 ms (FindLiveObjects: 0.131250 ms CreateObjectMapping: 0.066584 ms MarkObjects: 2.001750 ms  DeleteObjects: 0.067166 ms)

AssetImportParameters requested are different than current active one (requested -> active):
  custom:video-decoder-ogg-theora: a1e56fd34408186e4bbccfd4996cb3dc -> 
  custom:container-muxer-webm: aa71ff27fc2769a1b78a27578f13a17b -> 
  custom:container-demuxer-webm: 4f35f7cbe854078d1ac9338744f61a02 -> 
  custom:video-encoder-webm-vp8: eb34c28f22e8b96e1ab97ce403110664 -> 
  custom:framework-osx-AVFoundation: e770b220cccbd017edd2c1fefb359320 -> 
  custom:audio-encoder-webm-vorbis: bf7c407c2cedff20999df2af8eb42d56 -> 
  custom:container-demuxer-ogg: 62fdf1f143b41e24485cea50d1cbac27 -> 
  custom:video-decoder-webm-vp8: 9c59270c3fd7afecdb556c50c9e8de78 -> 
  custom:audio-decoder-ogg-vorbis: bf7c407c2cedff20999df2af8eb42d56 -> 
========================================================================
Received Import Request.
  Time since last request: 7.617839 seconds.
  path: Assets/PreFabs/Zombie/FreeZombie.prefab
  artifactKey: Guid(d189733d65ee5f544bc765db4e8960ef) Importer(815301076,1909f56bfc062723c751e8b465ee728b)
Start importing Assets/PreFabs/Zombie/FreeZombie.prefab using Guid(d189733d65ee5f544bc765db4e8960ef) Importer(815301076,1909f56bfc062723c751e8b465ee728b)  -> (artifact id: '97f57f57666b31cc1a2b1fb57879147d') in 0.044110 seconds 
========================================================================
Received Import Request.
  Time since last request: 50.621587 seconds.
  path: Assets/Import/Player/Supercyan Character Pack Free Sample/AnimatorControllers/FreeAnimations.controller
  artifactKey: Guid(8b9a677f24793ba45bdc27a1dab7745e) Importer(815301076,1909f56bfc062723c751e8b465ee728b)
Start importing Assets/Import/Player/Supercyan Character Pack Free Sample/AnimatorControllers/FreeAnimations.controller using Guid(8b9a677f24793ba45bdc27a1dab7745e) Importer(815301076,1909f56bfc062723c751e8b465ee728b)  -> (artifact id: '52be0e6605bde38a01a926079179467c') in 0.010556 seconds 
========================================================================
Received Prepare
Registering precompiled user dll's ...
Registered in 0.001405 seconds.
Begin MonoManager ReloadAssembly
Thread 0x16f843000 may have been prematurely finalized
Symbol file LoadedFromMemory doesn't match image /Users/oliverkragh/Documents/GitHub/Eksamen-2.0/Unity projekt/Library/PackageCache/com.unity.visualscripting@1.8.0/Editor/VisualScripting.Core/Dependencies/YamlDotNet/Unity.VisualScripting.YamlDotNet.dll
Symbol file LoadedFromMemory doesn't match image /Users/oliverkragh/Documents/GitHub/Eksamen-2.0/Unity projekt/Library/PackageCache/com.unity.visualscripting@1.8.0/Editor/VisualScripting.Core/Dependencies/DotNetZip/Unity.VisualScripting.IonicZip.dll
Native extension for OSXStandalone target not found
Refreshing native plugins compatible for Editor in 0.60 ms, found 2 plugins.
Preloading 0 native plugins for Editor in 0.00 ms.
Mono: successfully reloaded assembly
- Completed reload, in  0.641 seconds
Domain Reload Profiling:
	ReloadAssembly (641ms)
		BeginReloadAssembly (81ms)
			ExecutionOrderSort (0ms)
			DisableScriptedObjects (3ms)
			BackupInstance (0ms)
			ReleaseScriptingObjects (0ms)
			CreateAndSetChildDomain (32ms)
		EndReloadAssembly (500ms)
			LoadAssemblies (33ms)
			RebuildTransferFunctionScriptingTraits (0ms)
			SetupTypeCache (190ms)
			ReleaseScriptCaches (1ms)
			RebuildScriptCaches (31ms)
			SetupLoadedEditorAssemblies (212ms)
				LogAssemblyErrors (0ms)
				InitializePlatformSupportModulesInManaged (6ms)
				SetLoadedEditorAssemblies (0ms)
				RefreshPlugins (1ms)
				BeforeProcessingInitializeOnLoad (42ms)
				ProcessInitializeOnLoadAttributes (145ms)
				ProcessInitializeOnLoadMethodAttributes (16ms)
				AfterProcessingInitializeOnLoad (1ms)
				EditorAssembliesLoaded (0ms)
			ExecutionOrderSort2 (0ms)
			AwakeInstancesAfterBackupRestoration (3ms)
Platform modules already initialized, skipping
Refreshing native plugins compatible for Editor in 1.46 ms, found 2 plugins.
Preloading 0 native plugins for Editor in 0.00 ms.
Unloading 3419 Unused Serialized files (Serialized files now loaded: 0)
Unloading 20 unused Assets / (66.2 KB). Loaded Objects now: 3982.
Memory consumption went from 172.8 MB to 172.7 MB.
Total: 2.634042 ms (FindLiveObjects: 0.142125 ms CreateObjectMapping: 0.062667 ms MarkObjects: 2.362375 ms  DeleteObjects: 0.066250 ms)

AssetImportParameters requested are different than current active one (requested -> active):
  custom:video-decoder-ogg-theora: a1e56fd34408186e4bbccfd4996cb3dc -> 
  custom:container-muxer-webm: aa71ff27fc2769a1b78a27578f13a17b -> 
  custom:container-demuxer-webm: 4f35f7cbe854078d1ac9338744f61a02 -> 
  custom:video-encoder-webm-vp8: eb34c28f22e8b96e1ab97ce403110664 -> 
  custom:framework-osx-AVFoundation: e770b220cccbd017edd2c1fefb359320 -> 
  custom:audio-encoder-webm-vorbis: bf7c407c2cedff20999df2af8eb42d56 -> 
  custom:container-demuxer-ogg: 62fdf1f143b41e24485cea50d1cbac27 -> 
  custom:video-decoder-webm-vp8: 9c59270c3fd7afecdb556c50c9e8de78 -> 
  custom:audio-decoder-ogg-vorbis: bf7c407c2cedff20999df2af8eb42d56 -> 
========================================================================
Received Import Request.
  Time since last request: 695.592172 seconds.
  path: Assets/gamepause.cs
  artifactKey: Guid(8a7b47d7a4ac24dd687644ada2103473) Importer(815301076,1909f56bfc062723c751e8b465ee728b)
Start importing Assets/gamepause.cs using Guid(8a7b47d7a4ac24dd687644ada2103473) Importer(815301076,1909f56bfc062723c751e8b465ee728b)  -> (artifact id: '08a48c30a886a683d7947b0c4a6a59c2') in 0.005170 seconds 
========================================================================
Received Prepare
Registering precompiled user dll's ...
Registered in 0.001403 seconds.
Begin MonoManager ReloadAssembly
Thread 0x16f843000 may have been prematurely finalized
Symbol file LoadedFromMemory doesn't match image /Users/oliverkragh/Documents/GitHub/Eksamen-2.0/Unity projekt/Library/PackageCache/com.unity.visualscripting@1.8.0/Editor/VisualScripting.Core/Dependencies/YamlDotNet/Unity.VisualScripting.YamlDotNet.dll
Symbol file LoadedFromMemory doesn't match image /Users/oliverkragh/Documents/GitHub/Eksamen-2.0/Unity projekt/Library/PackageCache/com.unity.visualscripting@1.8.0/Editor/VisualScripting.Core/Dependencies/DotNetZip/Unity.VisualScripting.IonicZip.dll
Native extension for OSXStandalone target not found
Refreshing native plugins compatible for Editor in 0.54 ms, found 2 plugins.
Preloading 0 native plugins for Editor in 0.00 ms.
Mono: successfully reloaded assembly
- Completed reload, in  0.580 seconds
Domain Reload Profiling:
	ReloadAssembly (581ms)
		BeginReloadAssembly (79ms)
			ExecutionOrderSort (0ms)
			DisableScriptedObjects (3ms)
			BackupInstance (0ms)
			ReleaseScriptingObjects (0ms)
			CreateAndSetChildDomain (30ms)
		EndReloadAssembly (444ms)
			LoadAssemblies (32ms)
			RebuildTransferFunctionScriptingTraits (0ms)
			SetupTypeCache (174ms)
			ReleaseScriptCaches (1ms)
			RebuildScriptCaches (28ms)
			SetupLoadedEditorAssemblies (183ms)
				LogAssemblyErrors (0ms)
				InitializePlatformSupportModulesInManaged (5ms)
				SetLoadedEditorAssemblies (0ms)
				RefreshPlugins (1ms)
				BeforeProcessingInitializeOnLoad (37ms)
				ProcessInitializeOnLoadAttributes (125ms)
				ProcessInitializeOnLoadMethodAttributes (14ms)
				AfterProcessingInitializeOnLoad (1ms)
				EditorAssembliesLoaded (0ms)
			ExecutionOrderSort2 (0ms)
			AwakeInstancesAfterBackupRestoration (2ms)
Platform modules already initialized, skipping
Refreshing native plugins compatible for Editor in 0.88 ms, found 2 plugins.
Preloading 0 native plugins for Editor in 0.00 ms.
Unloading 3418 Unused Serialized files (Serialized files now loaded: 0)
Unloading 21 unused Assets / (66.3 KB). Loaded Objects now: 3984.
Memory consumption went from 172.7 MB to 172.7 MB.
Total: 2.258292 ms (FindLiveObjects: 0.121542 ms CreateObjectMapping: 0.051250 ms MarkObjects: 2.020500 ms  DeleteObjects: 0.064583 ms)

AssetImportParameters requested are different than current active one (requested -> active):
  custom:video-decoder-ogg-theora: a1e56fd34408186e4bbccfd4996cb3dc -> 
  custom:container-muxer-webm: aa71ff27fc2769a1b78a27578f13a17b -> 
  custom:container-demuxer-webm: 4f35f7cbe854078d1ac9338744f61a02 -> 
  custom:video-encoder-webm-vp8: eb34c28f22e8b96e1ab97ce403110664 -> 
  custom:framework-osx-AVFoundation: e770b220cccbd017edd2c1fefb359320 -> 
  custom:audio-encoder-webm-vorbis: bf7c407c2cedff20999df2af8eb42d56 -> 
  custom:container-demuxer-ogg: 62fdf1f143b41e24485cea50d1cbac27 -> 
  custom:video-decoder-webm-vp8: 9c59270c3fd7afecdb556c50c9e8de78 -> 
  custom:audio-decoder-ogg-vorbis: bf7c407c2cedff20999df2af8eb42d56 -> 
========================================================================
Received Prepare
Registering precompiled user dll's ...
Registered in 0.001387 seconds.
Begin MonoManager ReloadAssembly
Thread 0x16f843000 may have been prematurely finalized
Symbol file LoadedFromMemory doesn't match image /Users/oliverkragh/Documents/GitHub/Eksamen-2.0/Unity projekt/Library/PackageCache/com.unity.visualscripting@1.8.0/Editor/VisualScripting.Core/Dependencies/YamlDotNet/Unity.VisualScripting.YamlDotNet.dll
Symbol file LoadedFromMemory doesn't match image /Users/oliverkragh/Documents/GitHub/Eksamen-2.0/Unity projekt/Library/PackageCache/com.unity.visualscripting@1.8.0/Editor/VisualScripting.Core/Dependencies/DotNetZip/Unity.VisualScripting.IonicZip.dll
Native extension for OSXStandalone target not found
Refreshing native plugins compatible for Editor in 0.41 ms, found 2 plugins.
Preloading 0 native plugins for Editor in 0.00 ms.
Mono: successfully reloaded assembly
- Completed reload, in  0.570 seconds
Domain Reload Profiling:
	ReloadAssembly (570ms)
		BeginReloadAssembly (70ms)
			ExecutionOrderSort (0ms)
			DisableScriptedObjects (3ms)
			BackupInstance (0ms)
			ReleaseScriptingObjects (0ms)
			CreateAndSetChildDomain (25ms)
		EndReloadAssembly (446ms)
			LoadAssemblies (30ms)
			RebuildTransferFunctionScriptingTraits (0ms)
			SetupTypeCache (176ms)
			ReleaseScriptCaches (1ms)
			RebuildScriptCaches (28ms)
			SetupLoadedEditorAssemblies (183ms)
				LogAssemblyErrors (0ms)
				InitializePlatformSupportModulesInManaged (5ms)
				SetLoadedEditorAssemblies (0ms)
				RefreshPlugins (0ms)
				BeforeProcessingInitializeOnLoad (37ms)
				ProcessInitializeOnLoadAttributes (126ms)
				ProcessInitializeOnLoadMethodAttributes (13ms)
				AfterProcessingInitializeOnLoad (1ms)
				EditorAssembliesLoaded (0ms)
			ExecutionOrderSort2 (0ms)
			AwakeInstancesAfterBackupRestoration (2ms)
Platform modules already initialized, skipping
Refreshing native plugins compatible for Editor in 0.86 ms, found 2 plugins.
Preloading 0 native plugins for Editor in 0.00 ms.
Unloading 3418 Unused Serialized files (Serialized files now loaded: 0)
Unloading 20 unused Assets / (66.3 KB). Loaded Objects now: 3987.
Memory consumption went from 172.7 MB to 172.7 MB.
Total: 2.339167 ms (FindLiveObjects: 0.170709 ms CreateObjectMapping: 0.103750 ms MarkObjects: 1.996875 ms  DeleteObjects: 0.067208 ms)

AssetImportParameters requested are different than current active one (requested -> active):
  custom:video-decoder-ogg-theora: a1e56fd34408186e4bbccfd4996cb3dc -> 
  custom:container-muxer-webm: aa71ff27fc2769a1b78a27578f13a17b -> 
  custom:container-demuxer-webm: 4f35f7cbe854078d1ac9338744f61a02 -> 
  custom:video-encoder-webm-vp8: eb34c28f22e8b96e1ab97ce403110664 -> 
  custom:framework-osx-AVFoundation: e770b220cccbd017edd2c1fefb359320 -> 
  custom:audio-encoder-webm-vorbis: bf7c407c2cedff20999df2af8eb42d56 -> 
  custom:container-demuxer-ogg: 62fdf1f143b41e24485cea50d1cbac27 -> 
  custom:video-decoder-webm-vp8: 9c59270c3fd7afecdb556c50c9e8de78 -> 
  custom:audio-decoder-ogg-vorbis: bf7c407c2cedff20999df2af8eb42d56 -> 
